<?xml version="1.0" encoding="UTF-8"?>
<testsuite xmlns:xsi="http://www.w3.org/2001/XMLSchema-instance" xsi:noNamespaceSchemaLocation="https://maven.apache.org/surefire/maven-surefire-plugin/xsd/surefire-test-report-3.0.xsd" version="3.0" name="petEndpoint.regressionTest.findPet.FindByStatusTest" time="7.649" tests="5" errors="0" skipped="0" failures="2">
  <properties>
    <property name="java.specification.version" value="21"/>
    <property name="sun.jnu.encoding" value="UTF-8"/>
    <property name="java.class.path" value="/Users/alex/Dropbox/Nelly/GIT/codility/petstore_test/target/test-classes:/Users/alex/Dropbox/Nelly/GIT/codility/petstore_test/target/classes:/Users/alex/.m2/repository/io/rest-assured/rest-assured/5.3.1/rest-assured-5.3.1.jar:/Users/alex/.m2/repository/org/apache/groovy/groovy/4.0.11/groovy-4.0.11.jar:/Users/alex/.m2/repository/org/apache/groovy/groovy-xml/4.0.11/groovy-xml-4.0.11.jar:/Users/alex/.m2/repository/org/apache/httpcomponents/httpclient/4.5.13/httpclient-4.5.13.jar:/Users/alex/.m2/repository/org/apache/httpcomponents/httpcore/4.4.13/httpcore-4.4.13.jar:/Users/alex/.m2/repository/commons-logging/commons-logging/1.2/commons-logging-1.2.jar:/Users/alex/.m2/repository/commons-codec/commons-codec/1.11/commons-codec-1.11.jar:/Users/alex/.m2/repository/org/apache/httpcomponents/httpmime/4.5.13/httpmime-4.5.13.jar:/Users/alex/.m2/repository/org/hamcrest/hamcrest/2.2/hamcrest-2.2.jar:/Users/alex/.m2/repository/org/ccil/cowan/tagsoup/tagsoup/1.2.1/tagsoup-1.2.1.jar:/Users/alex/.m2/repository/io/rest-assured/json-path/5.3.1/json-path-5.3.1.jar:/Users/alex/.m2/repository/org/apache/groovy/groovy-json/4.0.11/groovy-json-4.0.11.jar:/Users/alex/.m2/repository/io/rest-assured/rest-assured-common/5.3.1/rest-assured-common-5.3.1.jar:/Users/alex/.m2/repository/io/rest-assured/xml-path/5.3.1/xml-path-5.3.1.jar:/Users/alex/.m2/repository/org/apache/commons/commons-lang3/3.11/commons-lang3-3.11.jar:/Users/alex/.m2/repository/org/skyscreamer/jsonassert/1.5.0/jsonassert-1.5.0.jar:/Users/alex/.m2/repository/com/vaadin/external/google/android-json/0.0.20131108.vaadin1/android-json-0.0.20131108.vaadin1.jar:/Users/alex/.m2/repository/org/junit/jupiter/junit-jupiter/5.10.2/junit-jupiter-5.10.2.jar:/Users/alex/.m2/repository/org/junit/jupiter/junit-jupiter-api/5.10.2/junit-jupiter-api-5.10.2.jar:/Users/alex/.m2/repository/org/opentest4j/opentest4j/1.3.0/opentest4j-1.3.0.jar:/Users/alex/.m2/repository/org/junit/platform/junit-platform-commons/1.10.2/junit-platform-commons-1.10.2.jar:/Users/alex/.m2/repository/org/apiguardian/apiguardian-api/1.1.2/apiguardian-api-1.1.2.jar:/Users/alex/.m2/repository/org/junit/jupiter/junit-jupiter-params/5.10.2/junit-jupiter-params-5.10.2.jar:/Users/alex/.m2/repository/org/junit/jupiter/junit-jupiter-engine/5.10.2/junit-jupiter-engine-5.10.2.jar:/Users/alex/.m2/repository/org/junit/platform/junit-platform-engine/1.10.2/junit-platform-engine-1.10.2.jar:"/>
    <property name="java.vm.vendor" value="Homebrew"/>
    <property name="sun.arch.data.model" value="64"/>
    <property name="java.vendor.url" value="https://github.com/Homebrew/homebrew-core/issues"/>
    <property name="user.timezone" value="Australia/Sydney"/>
    <property name="os.name" value="Mac OS X"/>
    <property name="java.vm.specification.version" value="21"/>
    <property name="sun.java.launcher" value="SUN_STANDARD"/>
    <property name="user.country" value="AU"/>
    <property name="sun.boot.library.path" value="/opt/homebrew/Cellar/openjdk/21.0.2/libexec/openjdk.jdk/Contents/Home/lib"/>
    <property name="sun.java.command" value="/Users/alex/Dropbox/Nelly/GIT/codility/petstore_test/target/surefire/surefirebooter-20240205183432827_3.jar /Users/alex/Dropbox/Nelly/GIT/codility/petstore_test/target/surefire 2024-02-05T18-34-32_780-jvmRun1 surefire-20240205183432827_1tmp surefire_0-20240205183432827_2tmp"/>
    <property name="http.nonProxyHosts" value="local|*.local|169.254/16|*.169.254/16"/>
    <property name="jdk.debug" value="release"/>
    <property name="surefire.test.class.path" value="/Users/alex/Dropbox/Nelly/GIT/codility/petstore_test/target/test-classes:/Users/alex/Dropbox/Nelly/GIT/codility/petstore_test/target/classes:/Users/alex/.m2/repository/io/rest-assured/rest-assured/5.3.1/rest-assured-5.3.1.jar:/Users/alex/.m2/repository/org/apache/groovy/groovy/4.0.11/groovy-4.0.11.jar:/Users/alex/.m2/repository/org/apache/groovy/groovy-xml/4.0.11/groovy-xml-4.0.11.jar:/Users/alex/.m2/repository/org/apache/httpcomponents/httpclient/4.5.13/httpclient-4.5.13.jar:/Users/alex/.m2/repository/org/apache/httpcomponents/httpcore/4.4.13/httpcore-4.4.13.jar:/Users/alex/.m2/repository/commons-logging/commons-logging/1.2/commons-logging-1.2.jar:/Users/alex/.m2/repository/commons-codec/commons-codec/1.11/commons-codec-1.11.jar:/Users/alex/.m2/repository/org/apache/httpcomponents/httpmime/4.5.13/httpmime-4.5.13.jar:/Users/alex/.m2/repository/org/hamcrest/hamcrest/2.2/hamcrest-2.2.jar:/Users/alex/.m2/repository/org/ccil/cowan/tagsoup/tagsoup/1.2.1/tagsoup-1.2.1.jar:/Users/alex/.m2/repository/io/rest-assured/json-path/5.3.1/json-path-5.3.1.jar:/Users/alex/.m2/repository/org/apache/groovy/groovy-json/4.0.11/groovy-json-4.0.11.jar:/Users/alex/.m2/repository/io/rest-assured/rest-assured-common/5.3.1/rest-assured-common-5.3.1.jar:/Users/alex/.m2/repository/io/rest-assured/xml-path/5.3.1/xml-path-5.3.1.jar:/Users/alex/.m2/repository/org/apache/commons/commons-lang3/3.11/commons-lang3-3.11.jar:/Users/alex/.m2/repository/org/skyscreamer/jsonassert/1.5.0/jsonassert-1.5.0.jar:/Users/alex/.m2/repository/com/vaadin/external/google/android-json/0.0.20131108.vaadin1/android-json-0.0.20131108.vaadin1.jar:/Users/alex/.m2/repository/org/junit/jupiter/junit-jupiter/5.10.2/junit-jupiter-5.10.2.jar:/Users/alex/.m2/repository/org/junit/jupiter/junit-jupiter-api/5.10.2/junit-jupiter-api-5.10.2.jar:/Users/alex/.m2/repository/org/opentest4j/opentest4j/1.3.0/opentest4j-1.3.0.jar:/Users/alex/.m2/repository/org/junit/platform/junit-platform-commons/1.10.2/junit-platform-commons-1.10.2.jar:/Users/alex/.m2/repository/org/apiguardian/apiguardian-api/1.1.2/apiguardian-api-1.1.2.jar:/Users/alex/.m2/repository/org/junit/jupiter/junit-jupiter-params/5.10.2/junit-jupiter-params-5.10.2.jar:/Users/alex/.m2/repository/org/junit/jupiter/junit-jupiter-engine/5.10.2/junit-jupiter-engine-5.10.2.jar:/Users/alex/.m2/repository/org/junit/platform/junit-platform-engine/1.10.2/junit-platform-engine-1.10.2.jar:"/>
    <property name="sun.cpu.endian" value="little"/>
    <property name="user.home" value="/Users/alex"/>
    <property name="user.language" value="en"/>
    <property name="java.specification.vendor" value="Oracle Corporation"/>
    <property name="java.version.date" value="2024-01-16"/>
    <property name="java.home" value="/opt/homebrew/Cellar/openjdk/21.0.2/libexec/openjdk.jdk/Contents/Home"/>
    <property name="file.separator" value="/"/>
    <property name="basedir" value="/Users/alex/Dropbox/Nelly/GIT/codility/petstore_test"/>
    <property name="java.vm.compressedOopsMode" value="Zero based"/>
    <property name="line.separator" value="&#10;"/>
    <property name="java.vm.specification.vendor" value="Oracle Corporation"/>
    <property name="java.specification.name" value="Java Platform API Specification"/>
    <property name="apple.awt.application.name" value="ForkedBooter"/>
    <property name="surefire.real.class.path" value="/Users/alex/Dropbox/Nelly/GIT/codility/petstore_test/target/surefire/surefirebooter-20240205183432827_3.jar"/>
    <property name="sun.management.compiler" value="HotSpot 64-Bit Tiered Compilers"/>
    <property name="ftp.nonProxyHosts" value="local|*.local|169.254/16|*.169.254/16"/>
    <property name="java.runtime.version" value="21.0.2"/>
    <property name="user.name" value="alex"/>
    <property name="stdout.encoding" value="UTF-8"/>
    <property name="path.separator" value=":"/>
    <property name="os.version" value="14.2.1"/>
    <property name="java.runtime.name" value="OpenJDK Runtime Environment"/>
    <property name="file.encoding" value="UTF-8"/>
    <property name="java.vm.name" value="OpenJDK 64-Bit Server VM"/>
    <property name="java.vendor.version" value="Homebrew"/>
    <property name="localRepository" value="/Users/alex/.m2/repository"/>
    <property name="java.vendor.url.bug" value="https://github.com/Homebrew/homebrew-core/issues"/>
    <property name="java.io.tmpdir" value="/var/folders/z6/ccp9wp913cl32fbw8m23_t9r0000gn/T/"/>
    <property name="java.version" value="21.0.2"/>
    <property name="user.dir" value="/Users/alex/Dropbox/Nelly/GIT/codility/petstore_test"/>
    <property name="os.arch" value="aarch64"/>
    <property name="java.vm.specification.name" value="Java Virtual Machine Specification"/>
    <property name="native.encoding" value="UTF-8"/>
    <property name="java.library.path" value="/Users/alex/Library/Java/Extensions:/Library/Java/Extensions:/Network/Library/Java/Extensions:/System/Library/Java/Extensions:/usr/lib/java:."/>
    <property name="java.vm.info" value="mixed mode, sharing"/>
    <property name="stderr.encoding" value="UTF-8"/>
    <property name="java.vendor" value="Homebrew"/>
    <property name="java.vm.version" value="21.0.2"/>
    <property name="sun.io.unicode.encoding" value="UnicodeBig"/>
    <property name="socksNonProxyHosts" value="local|*.local|169.254/16|*.169.254/16"/>
    <property name="java.class.version" value="65.0"/>
  </properties>
  <testcase name="givenNoStatus_findAllPetDetailsByStatus_thenBadRequest400" classname="petEndpoint.regressionTest.findPet.FindByStatusTest" time="2.253">
    <failure message="1 expectation failed.&#10;Expected status code &lt;400&gt; but was &lt;200&gt;.&#10;" type="java.lang.AssertionError"><![CDATA[java.lang.AssertionError: 
1 expectation failed.
Expected status code <400> but was <200>.

	at java.base/jdk.internal.reflect.DirectConstructorHandleAccessor.newInstance(DirectConstructorHandleAccessor.java:62)
	at java.base/java.lang.reflect.Constructor.newInstanceWithCaller(Constructor.java:502)
	at java.base/java.lang.reflect.Constructor.newInstance(Constructor.java:486)
	at org.codehaus.groovy.reflection.CachedConstructor.invoke(CachedConstructor.java:73)
	at org.codehaus.groovy.runtime.callsite.ConstructorSite$ConstructorSiteNoUnwrapNoCoerce.callConstructor(ConstructorSite.java:108)
	at org.codehaus.groovy.runtime.callsite.CallSiteArray.defaultCallConstructor(CallSiteArray.java:57)
	at org.codehaus.groovy.runtime.callsite.AbstractCallSite.callConstructor(AbstractCallSite.java:263)
	at org.codehaus.groovy.runtime.callsite.AbstractCallSite.callConstructor(AbstractCallSite.java:277)
	at io.restassured.internal.ResponseSpecificationImpl$HamcrestAssertionClosure.validate(ResponseSpecificationImpl.groovy:512)
	at io.restassured.internal.ResponseSpecificationImpl$HamcrestAssertionClosure$validate$1.call(Unknown Source)
	at org.codehaus.groovy.runtime.callsite.CallSiteArray.defaultCall(CallSiteArray.java:45)
	at org.codehaus.groovy.runtime.callsite.AbstractCallSite.call(AbstractCallSite.java:125)
	at org.codehaus.groovy.runtime.callsite.AbstractCallSite.call(AbstractCallSite.java:139)
	at io.restassured.internal.ResponseSpecificationImpl.validateResponseIfRequired(ResponseSpecificationImpl.groovy:696)
	at io.restassured.internal.ResponseSpecificationImpl.this$2$validateResponseIfRequired(ResponseSpecificationImpl.groovy)
	at java.base/jdk.internal.reflect.DirectMethodHandleAccessor.invoke(DirectMethodHandleAccessor.java:103)
	at java.base/java.lang.reflect.Method.invoke(Method.java:580)
	at org.codehaus.groovy.runtime.callsite.PlainObjectMetaMethodSite.doInvoke(PlainObjectMetaMethodSite.java:43)
	at org.codehaus.groovy.runtime.callsite.PogoMetaMethodSite$PogoCachedMethodSiteNoUnwrapNoCoerce.invoke(PogoMetaMethodSite.java:198)
	at org.codehaus.groovy.runtime.callsite.PogoMetaMethodSite.callCurrent(PogoMetaMethodSite.java:62)
	at org.codehaus.groovy.runtime.callsite.CallSiteArray.defaultCallCurrent(CallSiteArray.java:49)
	at org.codehaus.groovy.runtime.callsite.AbstractCallSite.callCurrent(AbstractCallSite.java:171)
	at org.codehaus.groovy.runtime.callsite.AbstractCallSite.callCurrent(AbstractCallSite.java:185)
	at io.restassured.internal.ResponseSpecificationImpl.statusCode(ResponseSpecificationImpl.groovy:135)
	at io.restassured.specification.ResponseSpecification$statusCode$0.callCurrent(Unknown Source)
	at org.codehaus.groovy.runtime.callsite.CallSiteArray.defaultCallCurrent(CallSiteArray.java:49)
	at org.codehaus.groovy.runtime.callsite.AbstractCallSite.callCurrent(AbstractCallSite.java:171)
	at org.codehaus.groovy.runtime.callsite.AbstractCallSite.callCurrent(AbstractCallSite.java:185)
	at io.restassured.internal.ResponseSpecificationImpl.statusCode(ResponseSpecificationImpl.groovy:143)
	at io.restassured.internal.ValidatableResponseOptionsImpl.statusCode(ValidatableResponseOptionsImpl.java:89)
	at petEndpoint.regressionTest.findPet.FindByStatusTest.givenNoStatus_findAllPetDetailsByStatus_thenBadRequest400(FindByStatusTest.java:106)
	at java.base/java.lang.reflect.Method.invoke(Method.java:580)
	at java.base/java.util.ArrayList.forEach(ArrayList.java:1596)
	at java.base/java.util.ArrayList.forEach(ArrayList.java:1596)
]]></failure>
    <system-out><![CDATA[Request method:	GET
Request URI:	https://petstore.swagger.io/v2/pet/findByStatus
Proxy:			<none>
Request params:	<none>
Query params:	<none>
Form params:	<none>
Path params:	<none>
Headers:		Accept=*/*
Cookies:		<none>
Multiparts:		<none>
Body:			<none>
]]></system-out>
  </testcase>
  <testcase name="givenValidStatusAvailable_findAllPetDetailsByStatus_thenSuccess200" classname="petEndpoint.regressionTest.findPet.FindByStatusTest" time="1.44">
    <system-out><![CDATA[Request method:	GET
Request URI:	https://petstore.swagger.io/v2/pet/findByStatus?status=available
Proxy:			<none>
Request params:	<none>
Query params:	status=available
Form params:	<none>
Path params:	<none>
Headers:		Accept=*/*
Cookies:		<none>
Multiparts:		<none>
Body:			<none>
]]></system-out>
  </testcase>
  <testcase name="givenInvalidStatus_findAllPetDetailsByStatus_thenBadRequest400" classname="petEndpoint.regressionTest.findPet.FindByStatusTest" time="1.203">
    <failure message="1 expectation failed.&#10;Expected status code &lt;400&gt; but was &lt;200&gt;.&#10;" type="java.lang.AssertionError"><![CDATA[java.lang.AssertionError: 
1 expectation failed.
Expected status code <400> but was <200>.

	at java.base/jdk.internal.reflect.DirectConstructorHandleAccessor.newInstance(DirectConstructorHandleAccessor.java:62)
	at java.base/java.lang.reflect.Constructor.newInstanceWithCaller(Constructor.java:502)
	at java.base/java.lang.reflect.Constructor.newInstance(Constructor.java:486)
	at org.codehaus.groovy.reflection.CachedConstructor.invoke(CachedConstructor.java:73)
	at org.codehaus.groovy.runtime.callsite.ConstructorSite$ConstructorSiteNoUnwrapNoCoerce.callConstructor(ConstructorSite.java:108)
	at org.codehaus.groovy.runtime.callsite.AbstractCallSite.callConstructor(AbstractCallSite.java:277)
	at io.restassured.internal.ResponseSpecificationImpl$HamcrestAssertionClosure.validate(ResponseSpecificationImpl.groovy:512)
	at io.restassured.internal.ResponseSpecificationImpl$HamcrestAssertionClosure$validate$1.call(Unknown Source)
	at io.restassured.internal.ResponseSpecificationImpl.validateResponseIfRequired(ResponseSpecificationImpl.groovy:696)
	at io.restassured.internal.ResponseSpecificationImpl.this$2$validateResponseIfRequired(ResponseSpecificationImpl.groovy)
	at java.base/jdk.internal.reflect.DirectMethodHandleAccessor.invoke(DirectMethodHandleAccessor.java:103)
	at java.base/java.lang.reflect.Method.invoke(Method.java:580)
	at org.codehaus.groovy.runtime.callsite.PlainObjectMetaMethodSite.doInvoke(PlainObjectMetaMethodSite.java:43)
	at org.codehaus.groovy.runtime.callsite.PogoMetaMethodSite$PogoCachedMethodSiteNoUnwrapNoCoerce.invoke(PogoMetaMethodSite.java:198)
	at org.codehaus.groovy.runtime.callsite.PogoMetaMethodSite.callCurrent(PogoMetaMethodSite.java:62)
	at org.codehaus.groovy.runtime.callsite.AbstractCallSite.callCurrent(AbstractCallSite.java:185)
	at io.restassured.internal.ResponseSpecificationImpl.statusCode(ResponseSpecificationImpl.groovy:135)
	at io.restassured.specification.ResponseSpecification$statusCode$0.callCurrent(Unknown Source)
	at io.restassured.internal.ResponseSpecificationImpl.statusCode(ResponseSpecificationImpl.groovy:143)
	at io.restassured.internal.ValidatableResponseOptionsImpl.statusCode(ValidatableResponseOptionsImpl.java:89)
	at petEndpoint.regressionTest.findPet.FindByStatusTest.givenInvalidStatus_findAllPetDetailsByStatus_thenBadRequest400(FindByStatusTest.java:86)
	at java.base/java.lang.reflect.Method.invoke(Method.java:580)
	at java.base/java.util.ArrayList.forEach(ArrayList.java:1596)
	at java.base/java.util.ArrayList.forEach(ArrayList.java:1596)
]]></failure>
    <system-out><![CDATA[Request method:	GET
Request URI:	https://petstore.swagger.io/v2/pet/findByStatus?status=blah
Proxy:			<none>
Request params:	<none>
Query params:	status=blah
Form params:	<none>
Path params:	<none>
Headers:		Accept=*/*
Cookies:		<none>
Multiparts:		<none>
Body:			<none>
]]></system-out>
  </testcase>
  <testcase name="givenValidStatusPending_findAllPetDetailsByStatus_thenSuccess200" classname="petEndpoint.regressionTest.findPet.FindByStatusTest" time="1.494">
    <system-out><![CDATA[Request method:	GET
Request URI:	https://petstore.swagger.io/v2/pet/findByStatus?status=pending
Proxy:			<none>
Request params:	<none>
Query params:	status=pending
Form params:	<none>
Path params:	<none>
Headers:		Accept=*/*
Cookies:		<none>
Multiparts:		<none>
Body:			<none>
HTTP/1.1 200 OK
Date: Mon, 05 Feb 2024 07:34:39 GMT
Content-Type: application/json
Transfer-Encoding: chunked
Connection: keep-alive
Access-Control-Allow-Origin: *
Access-Control-Allow-Methods: GET, POST, DELETE, PUT
Access-Control-Allow-Headers: Content-Type, api_key, Authorization
Server: Jetty(9.2.9.v20150224)

[
    {
        "id": 9223372036854311989,
        "category": {
            "id": 86059836,
            "name": "adipisicing in reprehen"
        },
        "name": "doggie",
        "photoUrls": [
            "",
            "elit velit"
        ],
        "tags": [
            {
                "id": -66663367,
                "name": "commodo velit"
            },
            {
                "id": 95735457,
                "name": "deserunt ex incididunt"
            }
        ],
        "status": "pending"
    },
    {
        "id": 9223372036854311990,
        "category": {
            "id": -29575580,
            "name": "aliqua Excepteur magna"
        },
        "name": "doggie",
        "photoUrls": [
            "commodo minim nisi",
            "tempor magna"
        ],
        "tags": [
            {
                "id": -52248637,
                "name": "exercitation irure sunt laborum"
            },
            {
                "id": -59740185,
                "name": "labore dolore"
            }
        ],
        "status": "pending"
    },
    {
        "id": 11223344,
        "category": {
            "id": 111,
            "name": "someCategoryName"
        },
        "name": "complex",
        "photoUrls": [
            "<url1>https://myphoto/123</url1>",
            "<url2>https://myphoto/1234</url2>"
        ],
        "tags": [
            {
                "id": 11,
                "name": "someTagName1"
            },
            {
                "id": 22,
                "name": "someTagName2"
            },
            {
                "id": 33,
                "name": "someTagName3"
            }
        ],
        "status": "pending"
    },
    {
        "id": 9223372036854312345,
        "category": {
            "id": 16343477,
            "name": "CHUI"
        },
        "name": "Cat",
        "photoUrls": [
            "laborum do",
            "deserunt in eiusmod officia"
        ],
        "tags": [
            {
                "id": 49056301,
                "name": "pr"
            },
            {
                "id": 10417678,
                "name": "velit quis cillum"
            }
        ],
        "status": "pending"
    },
    {
        "id": 9223372036854312346,
        "category": {
            "id": 72805618,
            "name": "ea officia do"
        },
        "name": "doggie",
        "photoUrls": [
            "nulla occaecat ex cillum",
            "cillum esse Duis"
        ],
        "tags": [
            {
                "id": 81597053,
                "name": "sed minim irure ex in"
            },
            {
                "id": -78170811,
                "name": "id ipsum Ut ullamco"
            }
        ],
        "status": "pending"
    },
    {
        "id": 53365508,
        "category": {
            "id": -61031901,
            "name": "fish"
        },
        "name": "Nemo",
        "photoUrls": [
            "exercitation laboris",
            "data:image/jpeg;base64,/9j/4AAQSkZJRgABAQAAAQABAAD/2wCEAAkGBxMSEhUTExIVFRUXFRcXFxgXGBgdFxgXFxkXFhgXFxcYHSggGB4nHRcXIjEhJSktLi4uFx8zODMtNyguLisBCgoKDg0OGxAQGy0lHyUtLS8tLS0tLy0tNS0yLS0tLy4tLS0tLSstLS8tLS8tLS0tNS0tLS0vLS0tLS0tLS0tLf/AABEIAMIBAwMBIgACEQEDEQH/xAAcAAEAAQUBAQAAAAAAAAAAAAAABAIDBQYHAQj/xABCEAACAQIDBQUDCgUCBgMAAAABAgADEQQhMQUGEkFREyJhcYEHkaEUMkJicrHB0eHwIzNSgpKiskNTY8LS8RUWRP/EABoBAQACAwEAAAAAAAAAAAAAAAAEBQIDBgH/xAA2EQACAQIDBQYFAwMFAAAAAAAAAQIDEQQhMQUSQVFxYYGRobHwEyLB0eEUMkIjUvEkorLC4v/aAAwDAQACEQMRAD8A7jERAEREAREQBERAEREAREQBES1WqqgLMQAMySbD3mAXYnM95vbBhcM5p0kOIYGzcJAVTmCOI5HPLKYfHe2rhF1wdRDa4FXINcaXvlzzsdJ7YcLnYalQKLky1h8WlS/A6tbWxBt5/H3TgG8ftUxWPUUKFHsi2XdbiY63Aytpz5Z9LzG7BO0NnWrUTfi7zILsQbcR41OoNirAHPLO4UjGUoRspPM2QoVKicoRbS1t78tT6ZiapuLvtQ2lSuncrIB2tEnvLy4lP00v9L32M2uemsREQBERAEREAREQBERAEREAREQBERAEREAREQBERAEREAREQBOde1vfJcHR7BLNWqqbLa4Uf1N4eHOdDc2BnzdvNhhjdtVuDi4Ayl2B0CKuYJJ58I875Q5KMXJ8DOnBzkorVl3dDYHZotaov8RrlQ2qqRazDQkjPPMX85sdSoD84fvylysWHj5/nIzMD+X6flKOc3UlvSOvoUlSgox0LXyamCGVFBGhCi48jylwVL+ctFrS3U6ieEhRIJwr0MSmLwpVKqm5ByV75E3t3CRrkQefO/a919urjKIe3BUFhUQ6q35Gx9xzOs5AWuPGZHd3bD4esrrnbJh1Tmv4jxAkmliJQavp79+RX4zZ0KsW4K0te/8APrnxkdriR8JiVqotRDdWAIPgZIlocq1Z2YiIgCIiAIiIAiIgCIiAIiIAiIgCIiAIiIAiIgCIiAIiIBit5WqjC1jRCmp2b8AY2HFwm2c+fPZ7VLPiKhu1Q8BJY6hixPrcZ+k+kMce4dfS1/jPmTZmOGCx1dKgspqOhyW4u90NzoLEX0yzmrERcqLS95pkvAzjCvFy95NG8vX6grIlWXsTUXwt7pjHrHlpKeKOuiiQ1TrLIq2lgxMt0zLgfpBbO8KJ6zKvzmVfMgffB72m+7h7xIimhWYKpJKscgCdVvyB1HjfqJ0Km4IuCCDoRpPnqptzD08jVUn6tz8RlJeyd6+E3ofKbf8ATp1CD5hcjpzk2hVqKO7uNo5/H4XDym5/FjFvVNq1/VeZ32Jom7++zuAK9DEKObNQqLb7Xdt93rN3pVAwDKQQRcEaEHmDJqd1o11KScVF2TT6O/vvsXIiJ6YiIiAIiIAiIgCIiAIiIAiIgCIiAIiIAiIgCInhNoAInLParutQrI1bupVGSsCMznYEatn001ytOlVcYoBsb21toOec43vNvB8sqcafyRfgGfeHKob9eXQW0zmFWr8KN+ZLwOF/U1d29ks30/Ppd8LGBwVDs0VOItwi1z+8h4S/aeoJS5lU3fNnYRioqy0RSxkHaO1Eo5W4nNrINTfLM8pdx2J4FLWudFHVzkBYeM2DdrdfsLV8R367AHPPs/AfW0z5aCScPh/iXb0K7H410Vuw/c/Je9OmZjdk7r4vFWbEVDhqf9CfzGHib931v5Cbhs/2f7PTM0BUbrUd2v5qTw/CMftujhU461QKOQ1ZrclAzMxf/wB0xNW/yXDKicqmIvn4rTWxt4mWX9OlHgkc7L4uInZ3m/H8JdTdsJsTDJYJh6KgaWpoPwmWRbZDIdBOaDbe0j/+mgv2aFz6cTyLUXFOP4uPxLZWPAVpg8tEE1SxtJcb933sZw2ZiG/2KPVr/rf0OpYvG0qC8dWqlJRzdgo95M82JvHg65K0MTQdr34UdSbnnwg3znJaWwqIbiZTUYaGoxcjy4tJJxGEQ2uqm2YyzHkeXpNE8fBuyi7EmGxqjV5TSfKza8fwdwialuPtztU7F2JqIMixuWXz5kfdNtm6E1Nb0Svq0Z0puE1mIiJmaxERAEREAREQBERAEREAREQBERAERMJvVtv5Jh6lUIWKU2fWw7oJ115cgYSuBvPvRhsBT7TEVAt8lUZux6KvMzku1/bTVLjscIBT1BrE8TDwC91fS8wmy6dXaddsbjCWVTw01+hlnwgNc8IuPM+Vpm8XgqTKENNSoFgOQA0AykarjI05bqV7alnhdmSrQ3m7csr+/b4kzG76LtDZuIK0uCoKVRXIAAB4CbKeeg56ETVdktehTtyQD/Hu/hNqwWyKdKg1BBYMHvqc3Bvnz6eQE0zd8MtNqbDOm5U+ep+N5sxsL04yN2yXuV5Q5p+X4uZpJZ6y6DlLGKqhEZjyBPu6StSvkdDJpK7Je6WzhicZxEXp4fvHoar/ADR42FzM/vxtz5Ml1HFUc8NNerHIegk/c3ZvyXB3qWFR71Kp+s3eI9BYek0OtivleJfEnNE7lEcrA5v5ky3k1h6XT1OZUZ4utZZb2fSK/GXW5Vgtk3ftsQ5q1T1+Yngqnp+F5m0aQ6TSQplLOpKbvJ3Z0VOhTox3KasvfiyWDLoMiK0uK0wPGi9eW6hgGekQeWKcHiWpVFqIbFTcH8D1E65sraCYimtRDkdR0bmD++k49UMyu6m2zhqwuf4TkK45L0f0+6834et8OWejIePwf6iG9H9y07ez7HWoiJbHLiIiAIiIAiIgCIiAIiIAiIgCIiAJyj27bb7PDjDq54qptwgDNRYte+ZFiBlzInV5x/2zYHgxWBrtlQNbhcnMdpcMoN9LqG9xhy3U32GUIb8lHmzH4HDOlGnTACBKarYa5AXufO89wtO9QAm9rt7v1IlzFVSRn3R0Gv6SNsZr1an1UQf5s1/9iyqwcN+rG/Xwz9Tq8VN0sNJrLRLvy9LszQM0jDj+PiTy7Zvfc3/CbsvKaVsrvdq/J61Rh5Ey2xr/AKPeip2bH/UrsT+i+pNRZRgqHyjF0qP0VIqv9lD3QfNuH3GSEXInpMhuHhv5uIP/ABH4V+xTJF/U390g4OG9Uvyz+3mWu0qm7S3F/LLu4/bvJntC2kUw60ENnrtweIU/OPuymvrhxTRVGgH7/fjKdp4jt8fUfVaIFNPPVj5/OE9xVTMCe42d57i4ephsqlaDqv8Ak8ui087vwKka0q7WWOOUEyDulrYmrXl9KsxgMvUqkxcTxxRlFeVEyNRaXWM8NTWZHxFXlKUnqUi1QKBckgAdSTYCb1T9nx4LmtZ7acIKg9NbnzmynRlUXyo018XSw9viO1+xvvy4Gxbn4/tsJTJN2T+G3mmQv4leE+szs0bcbjw9Wrhaw4X+eo+ibZMVPMEcPjkehtvMtKEm4K+uhzGNpqFeW7o81ys88vTyERE2kQREQBERAERLdWoFBJvYdASfcMzALkTle/Hta+S1DQw2HD1bZtUPdUnQcCZsfDiHKRsHvNjatJXrVijOoYoqrTCXF+Eavl4n3TVWqqkryJOGws8RK0cjrssVcQi/OdV82A++ckr4ln+fUd/tM7ffIxKjkPcP/KRP13KPn+CyjsdPWb8P/R1p9tYYa4iiPDtEv7rzH47fLBUVLPXFhrwpUf4IpM5jUqdF+H6SBUc3nn6yT4IkR2LSf8n5HU9l7/4LEqWoO9QA52UgjxIexAnuL3mVgR2IItn2hFreK2z984RjEqYHEriqV+zLd9RkLG3Ep8GzI8Z2CjSSvhmqIbq9FnUjWxU5ecs6LhUipFLWw8qM5QlqvNe/d7nPMPtZ8W1bEMFVWqcFJUVVUU1zBAUZkkm5NzkBewEmbu11Y1wCOJXUEcwAosT4X4vdNR3c2hVdkoUVXslBLEg3sSTxX5a2A/Y2nZ+EFJnqWHG7ZsL5qAAoPukBVFSrOb5aLk3b825F1GH6jCQpwejzb5pPj1yvpcyW2Mb2OHq1OYWw+0e6PiRMBsmhwU0XoM/M5mSt6qwdKNIH59Qsw8EFyPiJ7hRYEzdjaiajFdTzZVK05za0+X6v6Fna1fgovbW3xNlmx8QweB4udKnYDqxsM/Nm++ai7dpXo0zo9ZQfJbsfumf9oOI/g06K61agFvqqeIn7pswa3abk/djVtSTlW3Vqkkusn/gwOyqfDTBbNmPGx5ktnn6WlXFckyqu+XkJapAmwAuSbAdSchK1tybk+JeU4KnBRWiVvBF5BchQCSTYWzJPSwm2bH3HrVbNUZaY6HvP/iDYe8ydu7stMMnaPbjsSzHRQMyB4dTznPt69+8RVYkVqlCjeyU6ZKsQObsveJ6i9he3iZkcNCC/qZvkUlfaVWq2sPaMVrJ/m9lyyv2o6efZwlsq5v4otvcLH4zTtubCrYSoBUAsfmuvzXtqBf6X1T8ZjvZrvw6YkCvjanyezca1izi9u7Ytcp5g2y8Z2XaeFpY7CEKwZaiB6T9CRxU3Hw9CRPZ4eE4/KrP3qRqO069Coviy3oP3dZLT8dq5FQaTBpIFC/MWtqOhGRHvk2mcpVPU6aazI1fGNQ/jJYOg4lLC4BXMEjnaU7s+0nHtiEX5TTxAZ1VkqKiLZmAuHRQV11zHgZVjqAdWU6MpU+RFjObbu4CqcVTXgYEN37g2Ci/Fc+IuPWTcK/klnpmU+0Yp1Kacb72V+Wn3v3H1PtzDhwuIp/zKLcYI1Kr/ADKZ814hM5eaN7L6RTC1FPzTXbh6W4Kd7et/W83PCHuL9kD3ZGTIWfzriikrpwbpPPcbXc/pe772X4iJsI4iIgCIiAJqvtB3iGCwlWoAeK3CuoHE2S58/IGbVOMe37ajcFCgoIVmZiTlfgtYBSL2ub8QyytzmUQaTudsw4io+JrFmcPcXGTNqX5Xt0Gk3coBqT71X9ZE2PhQmHpKpAXgUg8NrlhckhQBc3k7sftnysB75RV6rnNvwOsw1JUaaj49S0eHoPUsfwlPbjl8B+plZCjkvqbn4CUPXH/oAfmZrJNrkfEVCRof36CQ01kvEMTyPr+sioZmjfDJFeLwa1abU20YW8jqD6Gx9JD3Q2rXo4LaGFFzUo02emNbcYYMVHO2bgeMyNNpD2fVOH2nRqfQrqaLZZBrXW/W9h7jJ2BqWnuPiVG1KF4KqtY+jy8r91yDuiijDKyjhLFuI2FiVYgXy6TI/Ks7EX8VzHrbSY+pR+QV2wzqBSdi9B7i1mPzSOVshe3TrMhxgDX/ANyPiIOFR7xLwE41KMd3gkn14+LuyLi0Vir6kXCnwNvynr17J5/lLdast9RI71LjXnEb2Jiik8j3ZQvjaH1VrP5GyLf/AFH3zI7ytx4ul9Sk7epNrzGbMNsWh/6NT76cmbRe+JqeFKmB6lyf34Sz0wj6P/kUVSO9tDP+5eUL/Qj4gzKbq0OKqWI+YCfut/u+ExFWZrdeuFcg/SFh5m1h+/CQqNlUjfn78yyx288NU3dbeXHyNvxlMvRqIDm1N1HmykfjOQb2bDqMEqU0J4QVdBqpve9ufMHnkJ2Cm8jYzY9KsSx4lY6shsT5ggg+dpYVqUpNShqufE5rC1qUYSpVU92Vs1qmvU4hsrZtRSWZGBI4VW3eYkjILr4W8Z9Nbp4dsPg8PRf51Oiit9oKLgeRuJrGxd28NQcVQrPUGj1Dcr4qAAoPja8z+L2mtJGqObBRfz6AeJOUzpwavKZpryhO1Okm126ts59t2mFxVYDTtnP+R4vxluiZFr4hqtRqjauxJ8L8h4AWHpJFKUVRpzbXN+p2dODjTjGWqST6pFVZcpldgbqUMQvaDEVV7x46Y4Mmveym2QIzGusxrSrZuPfD1OJOeTA6EeP4GZ0JwjL51dEfE06tSnalK0lp9n1587cDqGCppQprTpgKijIfEkk6km5JOt5G3W25TemwZ1UrUe3EwF1di6kX8yP7ZrGJ3nDUyoVgxFtRYX1z1+EwFKwHByI18eVpNxGLinH4eazKfC7MnKE/j3TbVuLyvd6u97naadVWF1II8Df7pdnE6CspurFW5EGx94mcwW92KoqbgYgAZK5sxPQVLEjzIMwhjIt2krGNXZE4q9OV+qt4apnUImsbp76YbH8SUy1OsgvUoVRw1VGl7aMuY7wJ1F7XmzyaVGmTEREATift8phxRqq9+EshAPd72fI63XpO2Tkft6wpOHRwMldSc/NBlyzYe+ZRC1MVsJ74aiVJC9kgBYgMQFAztrpJppi+bXPgL/feYTcrEXwdK5BI4xroAzcIIy5W9LTNrUJ0/wBI/Ezn6icZtdp19GTlTjLml6DsR/Sf7jYfjKGYDp6Z/E5T1lJOZHxY+7lKHpgZn/V/4iYmxdpHrPxZC5/fuEjDpJjNfJRfz/LSRaqW5zNG+PI8pmY7eRG7IVE+fRday+aa/C59JkRPXW9x1FvfM4ScJKS4GNWkqsHB6NWPd7eDEJhMRwhkJsQQCOCslxr9ZU98gYVFWlilCju0+Ncvmg0ytl6C9PQdfGW9ghq2zauH1qUGZV8TTbtKfpcW9Jc2fiFLI9+5VTgPlUtwk+PFZf7zLmpJKvCXCSt78jnKF54SpH+UWpfR9uVm7aXMPh2sB5CXLi5t1ljsivdb5y90/aXI/EGeK2cgWL2lNWTWhOwJtXpnwqj/ACCN/wBkuY9rYip9ml9zH8ZHVwr0n/pcH0YGn/339JXtq4rt4oh/3A/cPfJSd8K1y+9/qQq8d3HKXPP/AGuP0KO1zkui0w4aTsPUkKUcizhK5s+B226izrxDqD3vW+sy1PbtLnxj+38pp9OtLnbzOOLrRVtepCq7Lw9R3s10y8rNLuRtdTeNR8xWJ+tZR+J+Ew+P2g9Yg1GuBooyUenM+JmDq4zO156taY1a1WorSeXJG3D4GhRe9BZ83m/x3GRJEuUnmPSrJCVJFcbE0mhpS8tCpKKtbKeGNrEoNLZfMeYkai9xeXcMLuPDOLHnC5PWt+7flLocGUg+RnpQHUWMxNTsYza+LbB1KW0KNu0osA4vbtaTGzUydM762JGVtJ2vYO1aeLw9LEUjdKihh4HRlPiCCD4gzhu93GMJU4SLZBr68JIuBlmTpY21Oc6J7D0I2TSJv3qlYi/TtGXLwuD6ky0wbbp25M57asEqya4o3+IiSyrE5/7XdnPUwFZr34AXsF5LZxnmfo65DynQJiN4E4qTJYniU/RJy553AX1I9ZlHUHCvZ9iVOHKDh4kc30vZswb9L3GnKbK9UcyT4DIes0HdMjD4ypQdity1MZZFlbu36XF7fa8RN/Sw0W58f3lKXFw3ar7c/fedRgainQj2Ze+48QsclAUeH5x2IGt2PT8/1nrVjzPouQ9W/KU8JIyyHuH6+sjkzPoU1KnL4DT9fukapT5n3fnJDELn8eZ8uko7O+bach1mSyM07EE9Z6rS9UTiNhoPcJQlFmYIilmJsANSTyAmSzNya4mP9nrVGxWKpkEszA2tnfiYfdaXa2y1ptVprUWpSLsVtoOI95FPNQ3FZhrOqbn7mU8GXxDC+IqqA5uSqgD5qjTzPOcl2axV6+HexahVZbjQoxLIR6ZeglniXJ0I5aWv5/c53Z0ofrJ53vvW7c7vrkr919NaMbhmqKWObrYP9cDJagt1Fg3Q+BvMM02tAQcsvGa1sdXxQqFVB4GtcZCpe+g5GwBIv9ITVGUq12lnx+/48CfPcw1oOWTvu34aZX5Z5Puedr+KQylSbXBWS8eTVopWt3kuHHTQP7iAfLzkCpRZTYgiX8DjuzYki6t88dbZBgOZtkRzHkJtoyWcXozHFJzSmv3R81+PS/GxCLSRh6sq2hgezs6Z0mzUjRb8vLofTziU3tMJwadmZ0K6kt5GWR5UWykSjUkmm00NE/euikYAWDcRDnXmufK0tMKq/QDD6p/Ayaz3lN54pPiYfCsvldvfbchjHMNaVT3GXF2g50pP7jJtJ5KSrPHJcjzcqf3eSMcjYhtKYXxY/lJeHwZB4qjcVuX0f1l815aqVrzC7eVrHqp8ZO/vsLtWp0k7B0CovzPw8JYweGseJteQ6TIZfv8AeU1N2yPZM8v1la+H7/fjPI4OY935GYmBr2/uIKYbhGXE6qfKxa2o/p0zFr6ZEdk9m+FNLZmDQgg9gjEG9wXHHYg6fOnG6eB/+W2jRwaE9lT4nrkZWRSA4F9DomV83vyM+hqaAAAAAAWAGgA0AHKW+Fg401fjn77jmNo1FOu7cLL7lyIiSCCJS63EqiAcK9tO7fZ1hjkY8RKlx04T3XFtLd0el+UgbtbdGKThbhWouTC9gfrKPQ5cp3bH7Np1lZWUHi+dkM8rZnyynDd7/ZhXwb9vg3BQNdVJs6nM2Vjkwy5n3zXWoKsrcSZg8W8PLseq98eRmlUD6x8clEpep6n4eg5+c1DZe9xBNPFgob5HgItrkyai3W3n1mzYPadCobU6yM2f0gWy1suplROjOD+ZfY6KjXp1VeDv2cffS/YSOzsbnNun4mWmJY2B8z+XhKmzuBkOZPPzP4Smq4AsNPv8fKYElXv2nrHRUBNyAABcknIZcyeQnRd0d2hh17SoAazDPmEB+iPHqfTTWNubuz2Vq9YfxSO6p+gDzP1j8Bl1m4yyw2H3Vvy1KDaOP3r0aby4vn2dPXpqnMfaXuXVdvl2ByrgWqUwMqq62tzb9+M6dEmcLPQqIycXvRdmfLmN2rjKgNAYOqlQizAJV47c7Lwgr63nUt2dy6lLCUVKhH4FLLzDGxdmPv8AgPCdQInnDFJRp/tVjZWr1KzTqO/vsOM76bHqUkVuxepaoobs14n4DxC9tbXA8fiRA2fuJiKy1Kjr8lpqoZWxB4bixJLAX7Maa59QNJ1neXb9HA0w72L1G4KaXAao9shfkANTyHUkA8z23t7EYn+ZU7uoRRZQetufmSZHxVSmnvNZ293LPZkK9SO7FpRT1au+i9eFuw1bB0KtM2QcYY27M3IYnLIWuCfAZ30Mr2psFkYLwNRqEX7Gr3SQb50zowyOQv6aTet0sCuGpVNo4gd1ARSU5cTkhVIv1YhF8WJ5Ay7uRVbFY6o+I/iXoPxcQBW3EihQpyAzOXn4zXTqO0Yzzvp0JmIhFTqTou24s+2XK2mXHtehyivRembOpTz09DofSVU8QRPoPG7nYSpeyGlf/lmwt0CMCg9BMDi/ZhRY3Vk9aQ4v81I+6bnQT0ZDp7UtqjkC4uXVrzoeN9lDEHsnRW5Xd7X8Qytl5SLh/ZLibDjxFAHnwhyPS4E1SoNdpMp7VpvV26mmLWlQrToeF9kov38Vl0SnY/5Mx+6YbfTdZdnFKwR6uFNlqOSC1FybcTqoANM3GfIixvcTW6M7XsbVtOg3be8nbxt+ObNaooz6D15D1mXwmDCZ6t16eUp2ftOhWH8N1PLh0P8AjJgyykObejViZGSkrp3PR0nt7T20sYrG0qY/i1FTzIB5C4H9w98w1Dds2SB++n6TDbw7ZSkppLdqzjhREsWu+QyIN73yyNyLayHR2xiMbWGF2fTFRyOIucgEsLsQ1uAAsASeeQBJE6buH7NKWBb5RXbt8USTxf8ADplr8RprqWN82PoFubzKOEbd5+BU4vaUYLdpZvnwXTn105XJfst3OGzsKONR8oqgNWPNf6aQPRfiSTN2iJZFAIiIAiIgCW2pg5kAnMaddfulyIBgdt7p4TFIVqUUN+fCLi2eR5Tmu0/YiDdqGI4DqEI4gM8rObMfOdoie3YOAYjdbbeGZaaqMUMrAWyF7d5ja2mpY6zpu6m6nZcNbEBTWyIQHiSmeRvYcTDraw5XyM3KJqdGnvb26Slja6g4b7s/euvURETYRRERAEREA477Y9jYt8Vh8VRpVK1OmpBRASVPFc2UdRz8BJ+6m6VauRUxNF6FIZ8LlRUqeBCk8C9b2PQZ3HU4mupShNpyWhKoY2tRg4U3a/j3cjlXtrxRo08EoBXDrWu/CLKOFbUwQNALmw0y8pmPZVhQaD4kZioQENjmi6kX6sSP7JvFagrizqrDowBHuM9poFAAAAAsAMgANABynrpxc1PijGOJnGhKitG7vn7yTLkREzI4iIgCUOgIIIuDkQdCOkriAadvB7ONn4pcqC0KgzWrhwtNweRPCLNoNR5WmgYn2T7Upkph8dSelYgdo1RGAta1gr2y5g8p3CJ40nqZQnKDvFtdDi2F9ke0HUivtNUtcKEWpUBXqzMyG+Z66DPpK2f7DKIYHEYypUAtkiCncDkSzObWtpbnOvxCSWglOUv3NvqY7Y2x6GEpijh6S0qY5LzPVmObHxJJmRiJ6YiIiAIiIAiIgCIiAIiIAiIgCIiAIiIAiIgCIiAIiIAiIgCIiAIiIAiIgCIiAIiIAiIgCIiAf//Z"
        ],
        "tags": [
            {
                "id": -37380613,
                "name": "et aliquip incididunt"
            },
            {
                "id": -5341349,
                "name": "aliqua sed in dolore culpa"
            }
        ],
        "status": "pending"
    },
    {
        "id": 53365508111111,
        "category": {
            "id": -61031901,
            "name": "fishes"
        },
        "name": "Nemo`s father",
        "photoUrls": [
            "exercitation laboris",
            "data:image/jpeg;base64,/9j/4AAQSkZJRgABAQAAAQABAAD/2wCEAAkGBxMSEhUTExIVFRUXFRcXFxgXGBgdFxgXFxkXFhgXFxcYHSggGB4nHRcXIjEhJSktLi4uFx8zODMtNyguLisBCgoKDg0OGxAQGy0lHyUtLS8tLS0tLy0tNS0yLS0tLy4tLS0tLSstLS8tLS8tLS0tNS0tLS0vLS0tLS0tLS0tLf/AABEIAMIBAwMBIgACEQEDEQH/xAAcAAEAAQUBAQAAAAAAAAAAAAAABAIDBQYHAQj/xABCEAACAQIDBQUDCgUCBgMAAAABAgADEQQhMQUGEkFREyJhcYEHkaEUMkJicrHB0eHwIzNSgpKiskNTY8LS8RUWRP/EABoBAQACAwEAAAAAAAAAAAAAAAAEBQIDBgH/xAA2EQACAQIDBQYFAwMFAAAAAAAAAQIDEQQhMQUSQVFxYYGRobHwEyLB0eEUMkIjUvEkorLC4v/aAAwDAQACEQMRAD8A7jERAEREAREQBERAEREAREQBES1WqqgLMQAMySbD3mAXYnM95vbBhcM5p0kOIYGzcJAVTmCOI5HPLKYfHe2rhF1wdRDa4FXINcaXvlzzsdJ7YcLnYalQKLky1h8WlS/A6tbWxBt5/H3TgG8ftUxWPUUKFHsi2XdbiY63Aytpz5Z9LzG7BO0NnWrUTfi7zILsQbcR41OoNirAHPLO4UjGUoRspPM2QoVKicoRbS1t78tT6ZiapuLvtQ2lSuncrIB2tEnvLy4lP00v9L32M2uemsREQBERAEREAREQBERAEREAREQBERAEREAREQBERAEREAREQBOde1vfJcHR7BLNWqqbLa4Uf1N4eHOdDc2BnzdvNhhjdtVuDi4Ayl2B0CKuYJJ58I875Q5KMXJ8DOnBzkorVl3dDYHZotaov8RrlQ2qqRazDQkjPPMX85sdSoD84fvylysWHj5/nIzMD+X6flKOc3UlvSOvoUlSgox0LXyamCGVFBGhCi48jylwVL+ctFrS3U6ieEhRIJwr0MSmLwpVKqm5ByV75E3t3CRrkQefO/a919urjKIe3BUFhUQ6q35Gx9xzOs5AWuPGZHd3bD4esrrnbJh1Tmv4jxAkmliJQavp79+RX4zZ0KsW4K0te/8APrnxkdriR8JiVqotRDdWAIPgZIlocq1Z2YiIgCIiAIiIAiIgCIiAIiIAiIgCIiAIiIAiIgCIiAIiIBit5WqjC1jRCmp2b8AY2HFwm2c+fPZ7VLPiKhu1Q8BJY6hixPrcZ+k+kMce4dfS1/jPmTZmOGCx1dKgspqOhyW4u90NzoLEX0yzmrERcqLS95pkvAzjCvFy95NG8vX6grIlWXsTUXwt7pjHrHlpKeKOuiiQ1TrLIq2lgxMt0zLgfpBbO8KJ6zKvzmVfMgffB72m+7h7xIimhWYKpJKscgCdVvyB1HjfqJ0Km4IuCCDoRpPnqptzD08jVUn6tz8RlJeyd6+E3ofKbf8ATp1CD5hcjpzk2hVqKO7uNo5/H4XDym5/FjFvVNq1/VeZ32Jom7++zuAK9DEKObNQqLb7Xdt93rN3pVAwDKQQRcEaEHmDJqd1o11KScVF2TT6O/vvsXIiJ6YiIiAIiIAiIgCIiAIiIAiIgCIiAIiIAiIgCInhNoAInLParutQrI1bupVGSsCMznYEatn001ytOlVcYoBsb21toOec43vNvB8sqcafyRfgGfeHKob9eXQW0zmFWr8KN+ZLwOF/U1d29ks30/Ppd8LGBwVDs0VOItwi1z+8h4S/aeoJS5lU3fNnYRioqy0RSxkHaO1Eo5W4nNrINTfLM8pdx2J4FLWudFHVzkBYeM2DdrdfsLV8R367AHPPs/AfW0z5aCScPh/iXb0K7H410Vuw/c/Je9OmZjdk7r4vFWbEVDhqf9CfzGHib931v5Cbhs/2f7PTM0BUbrUd2v5qTw/CMftujhU461QKOQ1ZrclAzMxf/wB0xNW/yXDKicqmIvn4rTWxt4mWX9OlHgkc7L4uInZ3m/H8JdTdsJsTDJYJh6KgaWpoPwmWRbZDIdBOaDbe0j/+mgv2aFz6cTyLUXFOP4uPxLZWPAVpg8tEE1SxtJcb933sZw2ZiG/2KPVr/rf0OpYvG0qC8dWqlJRzdgo95M82JvHg65K0MTQdr34UdSbnnwg3znJaWwqIbiZTUYaGoxcjy4tJJxGEQ2uqm2YyzHkeXpNE8fBuyi7EmGxqjV5TSfKza8fwdwialuPtztU7F2JqIMixuWXz5kfdNtm6E1Nb0Svq0Z0puE1mIiJmaxERAEREAREQBERAEREAREQBERAERMJvVtv5Jh6lUIWKU2fWw7oJ115cgYSuBvPvRhsBT7TEVAt8lUZux6KvMzku1/bTVLjscIBT1BrE8TDwC91fS8wmy6dXaddsbjCWVTw01+hlnwgNc8IuPM+Vpm8XgqTKENNSoFgOQA0AykarjI05bqV7alnhdmSrQ3m7csr+/b4kzG76LtDZuIK0uCoKVRXIAAB4CbKeeg56ETVdktehTtyQD/Hu/hNqwWyKdKg1BBYMHvqc3Bvnz6eQE0zd8MtNqbDOm5U+ep+N5sxsL04yN2yXuV5Q5p+X4uZpJZ6y6DlLGKqhEZjyBPu6StSvkdDJpK7Je6WzhicZxEXp4fvHoar/ADR42FzM/vxtz5Ml1HFUc8NNerHIegk/c3ZvyXB3qWFR71Kp+s3eI9BYek0OtivleJfEnNE7lEcrA5v5ky3k1h6XT1OZUZ4utZZb2fSK/GXW5Vgtk3ftsQ5q1T1+Yngqnp+F5m0aQ6TSQplLOpKbvJ3Z0VOhTox3KasvfiyWDLoMiK0uK0wPGi9eW6hgGekQeWKcHiWpVFqIbFTcH8D1E65sraCYimtRDkdR0bmD++k49UMyu6m2zhqwuf4TkK45L0f0+6834et8OWejIePwf6iG9H9y07ez7HWoiJbHLiIiAIiIAiIgCIiAIiIAiIgCIiAJyj27bb7PDjDq54qptwgDNRYte+ZFiBlzInV5x/2zYHgxWBrtlQNbhcnMdpcMoN9LqG9xhy3U32GUIb8lHmzH4HDOlGnTACBKarYa5AXufO89wtO9QAm9rt7v1IlzFVSRn3R0Gv6SNsZr1an1UQf5s1/9iyqwcN+rG/Xwz9Tq8VN0sNJrLRLvy9LszQM0jDj+PiTy7Zvfc3/CbsvKaVsrvdq/J61Rh5Ey2xr/AKPeip2bH/UrsT+i+pNRZRgqHyjF0qP0VIqv9lD3QfNuH3GSEXInpMhuHhv5uIP/ABH4V+xTJF/U390g4OG9Uvyz+3mWu0qm7S3F/LLu4/bvJntC2kUw60ENnrtweIU/OPuymvrhxTRVGgH7/fjKdp4jt8fUfVaIFNPPVj5/OE9xVTMCe42d57i4ephsqlaDqv8Ak8ui087vwKka0q7WWOOUEyDulrYmrXl9KsxgMvUqkxcTxxRlFeVEyNRaXWM8NTWZHxFXlKUnqUi1QKBckgAdSTYCb1T9nx4LmtZ7acIKg9NbnzmynRlUXyo018XSw9viO1+xvvy4Gxbn4/tsJTJN2T+G3mmQv4leE+szs0bcbjw9Wrhaw4X+eo+ibZMVPMEcPjkehtvMtKEm4K+uhzGNpqFeW7o81ys88vTyERE2kQREQBERAERLdWoFBJvYdASfcMzALkTle/Hta+S1DQw2HD1bZtUPdUnQcCZsfDiHKRsHvNjatJXrVijOoYoqrTCXF+Eavl4n3TVWqqkryJOGws8RK0cjrssVcQi/OdV82A++ckr4ln+fUd/tM7ffIxKjkPcP/KRP13KPn+CyjsdPWb8P/R1p9tYYa4iiPDtEv7rzH47fLBUVLPXFhrwpUf4IpM5jUqdF+H6SBUc3nn6yT4IkR2LSf8n5HU9l7/4LEqWoO9QA52UgjxIexAnuL3mVgR2IItn2hFreK2z984RjEqYHEriqV+zLd9RkLG3Ep8GzI8Z2CjSSvhmqIbq9FnUjWxU5ecs6LhUipFLWw8qM5QlqvNe/d7nPMPtZ8W1bEMFVWqcFJUVVUU1zBAUZkkm5NzkBewEmbu11Y1wCOJXUEcwAosT4X4vdNR3c2hVdkoUVXslBLEg3sSTxX5a2A/Y2nZ+EFJnqWHG7ZsL5qAAoPukBVFSrOb5aLk3b825F1GH6jCQpwejzb5pPj1yvpcyW2Mb2OHq1OYWw+0e6PiRMBsmhwU0XoM/M5mSt6qwdKNIH59Qsw8EFyPiJ7hRYEzdjaiajFdTzZVK05za0+X6v6Fna1fgovbW3xNlmx8QweB4udKnYDqxsM/Nm++ai7dpXo0zo9ZQfJbsfumf9oOI/g06K61agFvqqeIn7pswa3abk/djVtSTlW3Vqkkusn/gwOyqfDTBbNmPGx5ktnn6WlXFckyqu+XkJapAmwAuSbAdSchK1tybk+JeU4KnBRWiVvBF5BchQCSTYWzJPSwm2bH3HrVbNUZaY6HvP/iDYe8ydu7stMMnaPbjsSzHRQMyB4dTznPt69+8RVYkVqlCjeyU6ZKsQObsveJ6i9he3iZkcNCC/qZvkUlfaVWq2sPaMVrJ/m9lyyv2o6efZwlsq5v4otvcLH4zTtubCrYSoBUAsfmuvzXtqBf6X1T8ZjvZrvw6YkCvjanyezca1izi9u7Ytcp5g2y8Z2XaeFpY7CEKwZaiB6T9CRxU3Hw9CRPZ4eE4/KrP3qRqO069Coviy3oP3dZLT8dq5FQaTBpIFC/MWtqOhGRHvk2mcpVPU6aazI1fGNQ/jJYOg4lLC4BXMEjnaU7s+0nHtiEX5TTxAZ1VkqKiLZmAuHRQV11zHgZVjqAdWU6MpU+RFjObbu4CqcVTXgYEN37g2Ci/Fc+IuPWTcK/klnpmU+0Yp1Kacb72V+Wn3v3H1PtzDhwuIp/zKLcYI1Kr/ADKZ814hM5eaN7L6RTC1FPzTXbh6W4Kd7et/W83PCHuL9kD3ZGTIWfzriikrpwbpPPcbXc/pe772X4iJsI4iIgCIiAJqvtB3iGCwlWoAeK3CuoHE2S58/IGbVOMe37ajcFCgoIVmZiTlfgtYBSL2ub8QyytzmUQaTudsw4io+JrFmcPcXGTNqX5Xt0Gk3coBqT71X9ZE2PhQmHpKpAXgUg8NrlhckhQBc3k7sftnysB75RV6rnNvwOsw1JUaaj49S0eHoPUsfwlPbjl8B+plZCjkvqbn4CUPXH/oAfmZrJNrkfEVCRof36CQ01kvEMTyPr+sioZmjfDJFeLwa1abU20YW8jqD6Gx9JD3Q2rXo4LaGFFzUo02emNbcYYMVHO2bgeMyNNpD2fVOH2nRqfQrqaLZZBrXW/W9h7jJ2BqWnuPiVG1KF4KqtY+jy8r91yDuiijDKyjhLFuI2FiVYgXy6TI/Ks7EX8VzHrbSY+pR+QV2wzqBSdi9B7i1mPzSOVshe3TrMhxgDX/ANyPiIOFR7xLwE41KMd3gkn14+LuyLi0Vir6kXCnwNvynr17J5/lLdast9RI71LjXnEb2Jiik8j3ZQvjaH1VrP5GyLf/AFH3zI7ytx4ul9Sk7epNrzGbMNsWh/6NT76cmbRe+JqeFKmB6lyf34Sz0wj6P/kUVSO9tDP+5eUL/Qj4gzKbq0OKqWI+YCfut/u+ExFWZrdeuFcg/SFh5m1h+/CQqNlUjfn78yyx288NU3dbeXHyNvxlMvRqIDm1N1HmykfjOQb2bDqMEqU0J4QVdBqpve9ufMHnkJ2Cm8jYzY9KsSx4lY6shsT5ggg+dpYVqUpNShqufE5rC1qUYSpVU92Vs1qmvU4hsrZtRSWZGBI4VW3eYkjILr4W8Z9Nbp4dsPg8PRf51Oiit9oKLgeRuJrGxd28NQcVQrPUGj1Dcr4qAAoPja8z+L2mtJGqObBRfz6AeJOUzpwavKZpryhO1Okm126ts59t2mFxVYDTtnP+R4vxluiZFr4hqtRqjauxJ8L8h4AWHpJFKUVRpzbXN+p2dODjTjGWqST6pFVZcpldgbqUMQvaDEVV7x46Y4Mmveym2QIzGusxrSrZuPfD1OJOeTA6EeP4GZ0JwjL51dEfE06tSnalK0lp9n1587cDqGCppQprTpgKijIfEkk6km5JOt5G3W25TemwZ1UrUe3EwF1di6kX8yP7ZrGJ3nDUyoVgxFtRYX1z1+EwFKwHByI18eVpNxGLinH4eazKfC7MnKE/j3TbVuLyvd6u97naadVWF1II8Df7pdnE6CspurFW5EGx94mcwW92KoqbgYgAZK5sxPQVLEjzIMwhjIt2krGNXZE4q9OV+qt4apnUImsbp76YbH8SUy1OsgvUoVRw1VGl7aMuY7wJ1F7XmzyaVGmTEREATift8phxRqq9+EshAPd72fI63XpO2Tkft6wpOHRwMldSc/NBlyzYe+ZRC1MVsJ74aiVJC9kgBYgMQFAztrpJppi+bXPgL/feYTcrEXwdK5BI4xroAzcIIy5W9LTNrUJ0/wBI/Ezn6icZtdp19GTlTjLml6DsR/Sf7jYfjKGYDp6Z/E5T1lJOZHxY+7lKHpgZn/V/4iYmxdpHrPxZC5/fuEjDpJjNfJRfz/LSRaqW5zNG+PI8pmY7eRG7IVE+fRday+aa/C59JkRPXW9x1FvfM4ScJKS4GNWkqsHB6NWPd7eDEJhMRwhkJsQQCOCslxr9ZU98gYVFWlilCju0+Ncvmg0ytl6C9PQdfGW9ghq2zauH1qUGZV8TTbtKfpcW9Jc2fiFLI9+5VTgPlUtwk+PFZf7zLmpJKvCXCSt78jnKF54SpH+UWpfR9uVm7aXMPh2sB5CXLi5t1ljsivdb5y90/aXI/EGeK2cgWL2lNWTWhOwJtXpnwqj/ACCN/wBkuY9rYip9ml9zH8ZHVwr0n/pcH0YGn/339JXtq4rt4oh/3A/cPfJSd8K1y+9/qQq8d3HKXPP/AGuP0KO1zkui0w4aTsPUkKUcizhK5s+B226izrxDqD3vW+sy1PbtLnxj+38pp9OtLnbzOOLrRVtepCq7Lw9R3s10y8rNLuRtdTeNR8xWJ+tZR+J+Ew+P2g9Yg1GuBooyUenM+JmDq4zO156taY1a1WorSeXJG3D4GhRe9BZ83m/x3GRJEuUnmPSrJCVJFcbE0mhpS8tCpKKtbKeGNrEoNLZfMeYkai9xeXcMLuPDOLHnC5PWt+7flLocGUg+RnpQHUWMxNTsYza+LbB1KW0KNu0osA4vbtaTGzUydM762JGVtJ2vYO1aeLw9LEUjdKihh4HRlPiCCD4gzhu93GMJU4SLZBr68JIuBlmTpY21Oc6J7D0I2TSJv3qlYi/TtGXLwuD6ky0wbbp25M57asEqya4o3+IiSyrE5/7XdnPUwFZr34AXsF5LZxnmfo65DynQJiN4E4qTJYniU/RJy553AX1I9ZlHUHCvZ9iVOHKDh4kc30vZswb9L3GnKbK9UcyT4DIes0HdMjD4ypQdity1MZZFlbu36XF7fa8RN/Sw0W58f3lKXFw3ar7c/fedRgainQj2Ze+48QsclAUeH5x2IGt2PT8/1nrVjzPouQ9W/KU8JIyyHuH6+sjkzPoU1KnL4DT9fukapT5n3fnJDELn8eZ8uko7O+bach1mSyM07EE9Z6rS9UTiNhoPcJQlFmYIilmJsANSTyAmSzNya4mP9nrVGxWKpkEszA2tnfiYfdaXa2y1ptVprUWpSLsVtoOI95FPNQ3FZhrOqbn7mU8GXxDC+IqqA5uSqgD5qjTzPOcl2axV6+HexahVZbjQoxLIR6ZeglniXJ0I5aWv5/c53Z0ofrJ53vvW7c7vrkr919NaMbhmqKWObrYP9cDJagt1Fg3Q+BvMM02tAQcsvGa1sdXxQqFVB4GtcZCpe+g5GwBIv9ITVGUq12lnx+/48CfPcw1oOWTvu34aZX5Z5Puedr+KQylSbXBWS8eTVopWt3kuHHTQP7iAfLzkCpRZTYgiX8DjuzYki6t88dbZBgOZtkRzHkJtoyWcXozHFJzSmv3R81+PS/GxCLSRh6sq2hgezs6Z0mzUjRb8vLofTziU3tMJwadmZ0K6kt5GWR5UWykSjUkmm00NE/euikYAWDcRDnXmufK0tMKq/QDD6p/Ayaz3lN54pPiYfCsvldvfbchjHMNaVT3GXF2g50pP7jJtJ5KSrPHJcjzcqf3eSMcjYhtKYXxY/lJeHwZB4qjcVuX0f1l815aqVrzC7eVrHqp8ZO/vsLtWp0k7B0CovzPw8JYweGseJteQ6TIZfv8AeU1N2yPZM8v1la+H7/fjPI4OY935GYmBr2/uIKYbhGXE6qfKxa2o/p0zFr6ZEdk9m+FNLZmDQgg9gjEG9wXHHYg6fOnG6eB/+W2jRwaE9lT4nrkZWRSA4F9DomV83vyM+hqaAAAAAAWAGgA0AHKW+Fg401fjn77jmNo1FOu7cLL7lyIiSCCJS63EqiAcK9tO7fZ1hjkY8RKlx04T3XFtLd0el+UgbtbdGKThbhWouTC9gfrKPQ5cp3bH7Np1lZWUHi+dkM8rZnyynDd7/ZhXwb9vg3BQNdVJs6nM2Vjkwy5n3zXWoKsrcSZg8W8PLseq98eRmlUD6x8clEpep6n4eg5+c1DZe9xBNPFgob5HgItrkyai3W3n1mzYPadCobU6yM2f0gWy1suplROjOD+ZfY6KjXp1VeDv2cffS/YSOzsbnNun4mWmJY2B8z+XhKmzuBkOZPPzP4Smq4AsNPv8fKYElXv2nrHRUBNyAABcknIZcyeQnRd0d2hh17SoAazDPmEB+iPHqfTTWNubuz2Vq9YfxSO6p+gDzP1j8Bl1m4yyw2H3Vvy1KDaOP3r0aby4vn2dPXpqnMfaXuXVdvl2ByrgWqUwMqq62tzb9+M6dEmcLPQqIycXvRdmfLmN2rjKgNAYOqlQizAJV47c7Lwgr63nUt2dy6lLCUVKhH4FLLzDGxdmPv8AgPCdQInnDFJRp/tVjZWr1KzTqO/vsOM76bHqUkVuxepaoobs14n4DxC9tbXA8fiRA2fuJiKy1Kjr8lpqoZWxB4bixJLAX7Maa59QNJ1neXb9HA0w72L1G4KaXAao9shfkANTyHUkA8z23t7EYn+ZU7uoRRZQetufmSZHxVSmnvNZ293LPZkK9SO7FpRT1au+i9eFuw1bB0KtM2QcYY27M3IYnLIWuCfAZ30Mr2psFkYLwNRqEX7Gr3SQb50zowyOQv6aTet0sCuGpVNo4gd1ARSU5cTkhVIv1YhF8WJ5Ay7uRVbFY6o+I/iXoPxcQBW3EihQpyAzOXn4zXTqO0Yzzvp0JmIhFTqTou24s+2XK2mXHtehyivRembOpTz09DofSVU8QRPoPG7nYSpeyGlf/lmwt0CMCg9BMDi/ZhRY3Vk9aQ4v81I+6bnQT0ZDp7UtqjkC4uXVrzoeN9lDEHsnRW5Xd7X8Qytl5SLh/ZLibDjxFAHnwhyPS4E1SoNdpMp7VpvV26mmLWlQrToeF9kov38Vl0SnY/5Mx+6YbfTdZdnFKwR6uFNlqOSC1FybcTqoANM3GfIixvcTW6M7XsbVtOg3be8nbxt+ObNaooz6D15D1mXwmDCZ6t16eUp2ftOhWH8N1PLh0P8AjJgyykObejViZGSkrp3PR0nt7T20sYrG0qY/i1FTzIB5C4H9w98w1Dds2SB++n6TDbw7ZSkppLdqzjhREsWu+QyIN73yyNyLayHR2xiMbWGF2fTFRyOIucgEsLsQ1uAAsASeeQBJE6buH7NKWBb5RXbt8USTxf8ADplr8RprqWN82PoFubzKOEbd5+BU4vaUYLdpZvnwXTn105XJfst3OGzsKONR8oqgNWPNf6aQPRfiSTN2iJZFAIiIAiIgCW2pg5kAnMaddfulyIBgdt7p4TFIVqUUN+fCLi2eR5Tmu0/YiDdqGI4DqEI4gM8rObMfOdoie3YOAYjdbbeGZaaqMUMrAWyF7d5ja2mpY6zpu6m6nZcNbEBTWyIQHiSmeRvYcTDraw5XyM3KJqdGnvb26Slja6g4b7s/euvURETYRRERAEREA477Y9jYt8Vh8VRpVK1OmpBRASVPFc2UdRz8BJ+6m6VauRUxNF6FIZ8LlRUqeBCk8C9b2PQZ3HU4mupShNpyWhKoY2tRg4U3a/j3cjlXtrxRo08EoBXDrWu/CLKOFbUwQNALmw0y8pmPZVhQaD4kZioQENjmi6kX6sSP7JvFagrizqrDowBHuM9poFAAAAAsAMgANABynrpxc1PijGOJnGhKitG7vn7yTLkREzI4iIgCUOgIIIuDkQdCOkriAadvB7ONn4pcqC0KgzWrhwtNweRPCLNoNR5WmgYn2T7Upkph8dSelYgdo1RGAta1gr2y5g8p3CJ40nqZQnKDvFtdDi2F9ke0HUivtNUtcKEWpUBXqzMyG+Z66DPpK2f7DKIYHEYypUAtkiCncDkSzObWtpbnOvxCSWglOUv3NvqY7Y2x6GEpijh6S0qY5LzPVmObHxJJmRiJ6YiIiAIiIAiIgCIiAIiIAiIgCIiAIiIAiIgCIiAIiIAiIgCIiAIiIAiIgCIiAIiIAiIgCIiAf//Z"
        ],
        "tags": [
            {
                "id": -37380613,
                "name": "et aliquip incididunt"
            },
            {
                "id": -5341349,
                "name": "aliqua sed in dolore culpa"
            }
        ],
        "status": "pending"
    },
    {
        "id": 111,
        "category": {
            "id": 2,
            "name": "dogs"
        },
        "name": "Sharik",
        "photoUrls": [
            "stepik.org"
        ],
        "tags": [
            {
                "id": 1,
                "name": "cute"
            }
        ],
        "status": "pending"
    },
    {
        "id": 922337203685477590,
        "name": "chedder-89811222",
        "photoUrls": [
            "./dog.png"
        ],
        "tags": [
            
        ],
        "status": "pending"
    },
    {
        "id": 9223372036854312750,
        "category": {
            "id": 86059836,
            "name": "adipisicing in reprehen"
        },
        "name": "doggie",
        "photoUrls": [
            "",
            "elit velit"
        ],
        "tags": [
            {
                "id": -66663367,
                "name": "commodo velit"
            },
            {
                "id": 95735457,
                "name": "deserunt ex incididunt"
            }
        ],
        "status": "pending"
    },
    {
        "id": 9223372036854312751,
        "category": {
            "id": -29575580,
            "name": "aliqua Excepteur magna"
        },
        "name": "doggie",
        "photoUrls": [
            "commodo minim nisi",
            "tempor magna"
        ],
        "tags": [
            {
                "id": -52248637,
                "name": "exercitation irure sunt laborum"
            },
            {
                "id": -59740185,
                "name": "labore dolore"
            }
        ],
        "status": "pending"
    },
    {
        "id": 9223372036854312764,
        "category": {
            "id": 1002,
            "name": "Special Dogs for Police"
        },
        "name": "Rani",
        "photoUrls": [
            "string"
        ],
        "tags": [
            {
                "id": 0,
                "name": "None"
            }
        ],
        "status": "pending"
    },
    {
        "id": 5354,
        "category": {
            "id": 50,
            "name": "string"
        },
        "name": "caties",
        "photoUrls": [
            "string"
        ],
        "tags": [
            {
                "id": 0,
                "name": "string"
            }
        ],
        "status": "pending"
    }
]
]]></system-out>
  </testcase>
  <testcase name="givenValidStatusSold_findAllPetDetailsByStatus_thenSuccess200" classname="petEndpoint.regressionTest.findPet.FindByStatusTest" time="1.238">
    <system-out><![CDATA[Request method:	GET
Request URI:	https://petstore.swagger.io/v2/pet/findByStatus?status=sold
Proxy:			<none>
Request params:	<none>
Query params:	status=sold
Form params:	<none>
Path params:	<none>
Headers:		Accept=*/*
Cookies:		<none>
Multiparts:		<none>
Body:			<none>
HTTP/1.1 200 OK
Date: Mon, 05 Feb 2024 07:34:40 GMT
Content-Type: application/json
Transfer-Encoding: chunked
Connection: keep-alive
Access-Control-Allow-Origin: *
Access-Control-Allow-Methods: GET, POST, DELETE, PUT
Access-Control-Allow-Headers: Content-Type, api_key, Authorization
Server: Jetty(9.2.9.v20150224)

[
    {
        "id": 9223372036854312440,
        "category": {
            "id": 0,
            "name": "string"
        },
        "name": "cat",
        "photoUrls": [
            "string"
        ],
        "tags": [
            {
                "id": 0,
                "name": "string"
            }
        ],
        "status": "sold"
    },
    {
        "id": 9223372036854248000,
        "name": "newname",
        "photoUrls": [
            
        ],
        "tags": [
            
        ],
        "status": "sold"
    },
    {
        "id": 6,
        "category": {
            "id": 0,
            "name": "string"
        },
        "name": "dog0",
        "photoUrls": [
            "string"
        ],
        "tags": [
            {
                "id": 0,
                "name": "string"
            }
        ],
        "status": "sold"
    },
    {
        "id": 9223372036854312000,
        "category": {
            "id": 0,
            "name": "string"
        },
        "name": "fish",
        "photoUrls": [
            "string"
        ],
        "tags": [
            {
                "id": 0,
                "name": "string"
            }
        ],
        "status": "sold"
    }
]
]]></system-out>
  </testcase>
</testsuite>